Using pre-set license
Built from '2021.3/staging' branch; Version is '2021.3.11f1 (0a5ca18544bf) revision 679073'; Using compiler version '192829333'; Build Type 'Release'
OS: 'Windows 11  (10.0.22621) 64bit Core' Language: 'en' Physical Memory: 16075 MB
BatchMode: 1, IsHumanControllingUs: 0, StartBugReporterOnCrash: 0, Is64bit: 1, IsPro: 1

COMMAND LINE ARGUMENTS:
C:\Program Files\Unity\Hub\Editor\2021.3.11f1\Editor\Unity.exe
-adb2
-batchMode
-noUpm
-name
AssetImportWorker1
-projectPath
C:/Users/Mike Chen/Documents/GitHub/2310-lab/Lab1
-logFile
Logs/AssetImportWorker1.log
-srvPort
50743
Successfully changed project path to: C:/Users/Mike Chen/Documents/GitHub/2310-lab/Lab1
C:/Users/Mike Chen/Documents/GitHub/2310-lab/Lab1
[UnityMemory] Configuration Parameters - Can be set up in boot.config
    "memorysetup-bucket-allocator-granularity=16"
    "memorysetup-bucket-allocator-bucket-count=8"
    "memorysetup-bucket-allocator-block-size=33554432"
    "memorysetup-bucket-allocator-block-count=8"
    "memorysetup-main-allocator-block-size=16777216"
    "memorysetup-thread-allocator-block-size=16777216"
    "memorysetup-gfx-main-allocator-block-size=16777216"
    "memorysetup-gfx-thread-allocator-block-size=16777216"
    "memorysetup-cache-allocator-block-size=4194304"
    "memorysetup-typetree-allocator-block-size=2097152"
    "memorysetup-profiler-bucket-allocator-granularity=16"
    "memorysetup-profiler-bucket-allocator-bucket-count=8"
    "memorysetup-profiler-bucket-allocator-block-size=33554432"
    "memorysetup-profiler-bucket-allocator-block-count=8"
    "memorysetup-profiler-allocator-block-size=16777216"
    "memorysetup-profiler-editor-allocator-block-size=1048576"
    "memorysetup-temp-allocator-size-main=16777216"
    "memorysetup-job-temp-allocator-block-size=2097152"
    "memorysetup-job-temp-allocator-block-size-background=1048576"
    "memorysetup-job-temp-allocator-reduction-small-platforms=262144"
    "memorysetup-temp-allocator-size-background-worker=32768"
    "memorysetup-temp-allocator-size-job-worker=262144"
    "memorysetup-temp-allocator-size-preload-manager=33554432"
    "memorysetup-temp-allocator-size-nav-mesh-worker=65536"
    "memorysetup-temp-allocator-size-audio-worker=65536"
    "memorysetup-temp-allocator-size-cloud-worker=32768"
    "memorysetup-temp-allocator-size-gi-baking-worker=262144"
    "memorysetup-temp-allocator-size-gfx=262144"
Refreshing native plugins compatible for Editor in 117.63 ms, found 3 plugins.
Preloading 0 native plugins for Editor in 0.00 ms.
Initialize engine version: 2021.3.11f1 (0a5ca18544bf)
[Subsystems] Discovering subsystems at path C:/Program Files/Unity/Hub/Editor/2021.3.11f1/Editor/Data/Resources/UnitySubsystems
[Subsystems] Discovering subsystems at path C:/Users/Mike Chen/Documents/GitHub/2310-lab/Lab1/Assets
GfxDevice: creating device client; threaded=0; jobified=0
Direct3D:
    Version:  Direct3D 11.0 [level 11.1]
    Renderer: NVIDIA GeForce RTX 3070 Laptop GPU (ID=0x249d)
    Vendor:   NVIDIA
    VRAM:     8044 MB
    Driver:   30.0.15.1278
Initialize mono
Mono path[0] = 'C:/Program Files/Unity/Hub/Editor/2021.3.11f1/Editor/Data/Managed'
Mono path[1] = 'C:/Program Files/Unity/Hub/Editor/2021.3.11f1/Editor/Data/MonoBleedingEdge/lib/mono/unityjit-win32'
Mono config path = 'C:/Program Files/Unity/Hub/Editor/2021.3.11f1/Editor/Data/MonoBleedingEdge/etc'
Using monoOptions --debugger-agent=transport=dt_socket,embedding=1,server=y,suspend=n,address=127.0.0.1:56956
Begin MonoManager ReloadAssembly
Registering precompiled unity dll's ...
Register platform support module: C:/Program Files/Unity/Hub/Editor/2021.3.11f1/Editor/Data/PlaybackEngines/WindowsStandaloneSupport/UnityEditor.WindowsStandalone.Extensions.dll
Registered in 0.003400 seconds.
Native extension for WindowsStandalone target not found
Refreshing native plugins compatible for Editor in 84.41 ms, found 3 plugins.
Preloading 0 native plugins for Editor in 0.00 ms.
Mono: successfully reloaded assembly
- Completed reload, in  0.696 seconds
Domain Reload Profiling:
	ReloadAssembly (696ms)
		BeginReloadAssembly (80ms)
			ExecutionOrderSort (0ms)
			DisableScriptedObjects (0ms)
			BackupInstance (0ms)
			ReleaseScriptingObjects (0ms)
			CreateAndSetChildDomain (1ms)
		EndReloadAssembly (505ms)
			LoadAssemblies (78ms)
			RebuildTransferFunctionScriptingTraits (0ms)
			SetupTypeCache (126ms)
			ReleaseScriptCaches (0ms)
			RebuildScriptCaches (27ms)
			SetupLoadedEditorAssemblies (301ms)
				LogAssemblyErrors (0ms)
				InitializePlatformSupportModulesInManaged (7ms)
				SetLoadedEditorAssemblies (0ms)
				RefreshPlugins (85ms)
				BeforeProcessingInitializeOnLoad (1ms)
				ProcessInitializeOnLoadAttributes (146ms)
				ProcessInitializeOnLoadMethodAttributes (63ms)
				AfterProcessingInitializeOnLoad (0ms)
				EditorAssembliesLoaded (0ms)
			ExecutionOrderSort2 (0ms)
			AwakeInstancesAfterBackupRestoration (0ms)
Platform modules already initialized, skipping
Registering precompiled user dll's ...
Registered in 0.005306 seconds.
Begin MonoManager ReloadAssembly
Symbol file LoadedFromMemory doesn't match image C:\Users\Mike Chen\Documents\GitHub\2310-lab\Lab1\Library\PackageCache\com.unity.visualscripting@1.7.8\Editor\VisualScripting.Core\Dependencies\YamlDotNet\Unity.VisualScripting.YamlDotNet.dll
Symbol file LoadedFromMemory doesn't match image C:\Users\Mike Chen\Documents\GitHub\2310-lab\Lab1\Library\PackageCache\com.unity.visualscripting@1.7.8\Editor\VisualScripting.Core\Dependencies\DotNetZip\Unity.VisualScripting.IonicZip.dll
Native extension for WindowsStandalone target not found
Refreshing native plugins compatible for Editor in 0.88 ms, found 3 plugins.
Preloading 0 native plugins for Editor in 0.00 ms.
Mono: successfully reloaded assembly
- Completed reload, in  1.095 seconds
Domain Reload Profiling:
	ReloadAssembly (1096ms)
		BeginReloadAssembly (138ms)
			ExecutionOrderSort (0ms)
			DisableScriptedObjects (10ms)
			BackupInstance (0ms)
			ReleaseScriptingObjects (0ms)
			CreateAndSetChildDomain (30ms)
		EndReloadAssembly (836ms)
			LoadAssemblies (84ms)
			RebuildTransferFunctionScriptingTraits (0ms)
			SetupTypeCache (293ms)
			ReleaseScriptCaches (1ms)
			RebuildScriptCaches (54ms)
			SetupLoadedEditorAssemblies (369ms)
				LogAssemblyErrors (0ms)
				InitializePlatformSupportModulesInManaged (5ms)
				SetLoadedEditorAssemblies (0ms)
				RefreshPlugins (1ms)
				BeforeProcessingInitializeOnLoad (81ms)
				ProcessInitializeOnLoadAttributes (247ms)
				ProcessInitializeOnLoadMethodAttributes (29ms)
				AfterProcessingInitializeOnLoad (6ms)
				EditorAssembliesLoaded (0ms)
			ExecutionOrderSort2 (0ms)
			AwakeInstancesAfterBackupRestoration (10ms)
Platform modules already initialized, skipping
========================================================================
Worker process is ready to serve import requests
Launched and connected shader compiler UnityShaderCompiler.exe after 0.05 seconds
Refreshing native plugins compatible for Editor in 0.59 ms, found 3 plugins.
Preloading 0 native plugins for Editor in 0.00 ms.
Unloading 3381 Unused Serialized files (Serialized files now loaded: 0)
Unloading 27 unused Assets / (113.8 KB). Loaded Objects now: 3838.
Memory consumption went from 116.5 MB to 116.4 MB.
Total: 2.999800 ms (FindLiveObjects: 0.294500 ms CreateObjectMapping: 0.119000 ms MarkObjects: 2.472900 ms  DeleteObjects: 0.111700 ms)

AssetImportParameters requested are different than current active one (requested -> active):
  custom:video-decoder-ogg-theora: a1e56fd34408186e4bbccfd4996cb3dc -> 
  custom:container-muxer-webm: aa71ff27fc2769a1b78a27578f13a17b -> 
  custom:container-demuxer-webm: 4f35f7cbe854078d1ac9338744f61a02 -> 
  custom:video-encoder-webm-vp8: eb34c28f22e8b96e1ab97ce403110664 -> 
  custom:video-codec-MediaFoundation-h265: 746d11721c4dcdbdad8f713fa42b33f4 -> 
  custom:audio-encoder-webm-vorbis: bf7c407c2cedff20999df2af8eb42d56 -> 
  custom:framework-win-MediaFoundation: 216162199b28c13a410421893ffa2e32 -> 
  custom:container-demuxer-ogg: 62fdf1f143b41e24485cea50d1cbac27 -> 
  custom:video-decoder-webm-vp8: 9c59270c3fd7afecdb556c50c9e8de78 -> 
  custom:audio-decoder-ogg-vorbis: bf7c407c2cedff20999df2af8eb42d56 -> 
========================================================================
Received Import Request.
  Time since last request: 295463.729279 seconds.
  path: Assets/Scenes/CatBorg Studio/3D Dungeon Lowpoly Pack/Models/02_Kitchen_01_CuttingBoard#2.fbx
  artifactKey: Guid(833386d75d20afc47ae8848a6f445176) Importer(815301076,1909f56bfc062723c751e8b465ee728b)
Start importing Assets/Scenes/CatBorg Studio/3D Dungeon Lowpoly Pack/Models/02_Kitchen_01_CuttingBoard#2.fbx using Guid(833386d75d20afc47ae8848a6f445176) Importer(815301076,1909f56bfc062723c751e8b465ee728b)  -> (artifact id: 'c21918b4c56b2bf13d141eafa7770c61') in 0.453638 seconds 
========================================================================
Received Import Request.
  Time since last request: 0.000170 seconds.
  path: Assets/AurynSky/Gems Ultimate Pack/Materials/Material.mat
  artifactKey: Guid(a5ab27f24d140594197755b8c9ee7179) Importer(815301076,1909f56bfc062723c751e8b465ee728b)
Start importing Assets/AurynSky/Gems Ultimate Pack/Materials/Material.mat using Guid(a5ab27f24d140594197755b8c9ee7179) Importer(815301076,1909f56bfc062723c751e8b465ee728b)  -> (artifact id: '191cbf264d9f3f6af3686d3200838cfe') in 0.111646 seconds 
========================================================================
Received Import Request.
  Time since last request: 0.000051 seconds.
  path: Assets/Scenes/CatBorg Studio/3D Dungeon Lowpoly Pack/Models/01_DiningHall_01_WoodenTable#1.fbx
  artifactKey: Guid(390ddb3adfecc3e4f8d044ba8a40fbc7) Importer(815301076,1909f56bfc062723c751e8b465ee728b)
Start importing Assets/Scenes/CatBorg Studio/3D Dungeon Lowpoly Pack/Models/01_DiningHall_01_WoodenTable#1.fbx using Guid(390ddb3adfecc3e4f8d044ba8a40fbc7) Importer(815301076,1909f56bfc062723c751e8b465ee728b)  -> (artifact id: '6e437714b9b06613be85a6b732baa7bc') in 0.026562 seconds 
========================================================================
Received Import Request.
  Time since last request: 0.000046 seconds.
  path: Assets/Scenes/CatBorg Studio/3D Dungeon Lowpoly Pack/Models/01_DiningHall_01_WoodenChear#1.fbx
  artifactKey: Guid(06063f551160d5f4192daa15a3c6f042) Importer(815301076,1909f56bfc062723c751e8b465ee728b)
Start importing Assets/Scenes/CatBorg Studio/3D Dungeon Lowpoly Pack/Models/01_DiningHall_01_WoodenChear#1.fbx using Guid(06063f551160d5f4192daa15a3c6f042) Importer(815301076,1909f56bfc062723c751e8b465ee728b)  -> (artifact id: '2316d6d50abfb5086f58dc01c5977618') in 0.034978 seconds 
========================================================================
Received Import Request.
  Time since last request: 0.000026 seconds.
  path: Assets/Scenes/CatBorg Studio/3D Dungeon Lowpoly Pack/Prefabs/01_Library_01_InkWell#1.prefab
  artifactKey: Guid(2f570eda51c25004f9aa924d657af75c) Importer(815301076,1909f56bfc062723c751e8b465ee728b)
Start importing Assets/Scenes/CatBorg Studio/3D Dungeon Lowpoly Pack/Prefabs/01_Library_01_InkWell#1.prefab using Guid(2f570eda51c25004f9aa924d657af75c) Importer(815301076,1909f56bfc062723c751e8b465ee728b)  -> (artifact id: 'cf073e6deedb34161bbfb145f35cc89d') in 0.028356 seconds 
========================================================================
Received Import Request.
  Time since last request: 0.000045 seconds.
  path: Assets/Scenes/CatBorg Studio/3D Dungeon Lowpoly Pack/Prefabs/01_Library_01_BookShelve_2.prefab
  artifactKey: Guid(29b8208c0e96a224ba307748030ef061) Importer(815301076,1909f56bfc062723c751e8b465ee728b)
Start importing Assets/Scenes/CatBorg Studio/3D Dungeon Lowpoly Pack/Prefabs/01_Library_01_BookShelve_2.prefab using Guid(29b8208c0e96a224ba307748030ef061) Importer(815301076,1909f56bfc062723c751e8b465ee728b)  -> (artifact id: '887cb12408487acb01fc0e5672ec4c56') in 0.019089 seconds 
========================================================================
Received Import Request.
  Time since last request: 0.000088 seconds.
  path: Assets/Scenes/CatBorg Studio/3D Dungeon Lowpoly Pack/Models/02_Kitchen_01_SpoonBucket.fbx
  artifactKey: Guid(827a0159f61521b42b5ec613b75e8117) Importer(815301076,1909f56bfc062723c751e8b465ee728b)
Start importing Assets/Scenes/CatBorg Studio/3D Dungeon Lowpoly Pack/Models/02_Kitchen_01_SpoonBucket.fbx using Guid(827a0159f61521b42b5ec613b75e8117) Importer(815301076,1909f56bfc062723c751e8b465ee728b)  -> (artifact id: '9c7b3ad3235b6a2bf906632bfc03a293') in 0.029302 seconds 
========================================================================
Received Import Request.
  Time since last request: 0.000037 seconds.
  path: Assets/Scenes/CatBorg Studio/3D Dungeon Lowpoly Pack/Prefabs/01_DiningHall_01_Cup#2.prefab
  artifactKey: Guid(c64bf04713b5e0549b27844ba6bfc9c9) Importer(815301076,1909f56bfc062723c751e8b465ee728b)
Start importing Assets/Scenes/CatBorg Studio/3D Dungeon Lowpoly Pack/Prefabs/01_DiningHall_01_Cup#2.prefab using Guid(c64bf04713b5e0549b27844ba6bfc9c9) Importer(815301076,1909f56bfc062723c751e8b465ee728b)  -> (artifact id: '633474e6e72cea87e762855b54ac6503') in 0.020262 seconds 
========================================================================
Received Import Request.
  Time since last request: 0.000039 seconds.
  path: Assets/Scenes/CatBorg Studio/3D Dungeon Lowpoly Pack/Models/01_DiningHall_01_WoodenChear#2.fbx
  artifactKey: Guid(c80fb3990183d344fa2324303c88be54) Importer(815301076,1909f56bfc062723c751e8b465ee728b)
Start importing Assets/Scenes/CatBorg Studio/3D Dungeon Lowpoly Pack/Models/01_DiningHall_01_WoodenChear#2.fbx using Guid(c80fb3990183d344fa2324303c88be54) Importer(815301076,1909f56bfc062723c751e8b465ee728b)  -> (artifact id: '5ec3e0c040cbce6369d598b509089ab5') in 0.043612 seconds 
========================================================================
Received Import Request.
  Time since last request: 0.000049 seconds.
  path: Assets/Scenes/CatBorg Studio/3D Dungeon Lowpoly Pack/Models/01_DiningHall_01_Bowl#1.fbx
  artifactKey: Guid(c0ce8dbd0c29671469ad6feb59e4b12d) Importer(815301076,1909f56bfc062723c751e8b465ee728b)
Start importing Assets/Scenes/CatBorg Studio/3D Dungeon Lowpoly Pack/Models/01_DiningHall_01_Bowl#1.fbx using Guid(c0ce8dbd0c29671469ad6feb59e4b12d) Importer(815301076,1909f56bfc062723c751e8b465ee728b)  -> (artifact id: 'd570b74813b38f4bfe4bd71715888bbd') in 0.035061 seconds 
========================================================================
Received Import Request.
  Time since last request: 0.000031 seconds.
  path: Assets/Scenes/CatBorg Studio/3D Dungeon Lowpoly Pack/Prefabs/01_DiningHall_01_Bottle#2.prefab
  artifactKey: Guid(26b95fa21dfcfeb4fb4aea448e8d05c3) Importer(815301076,1909f56bfc062723c751e8b465ee728b)
Start importing Assets/Scenes/CatBorg Studio/3D Dungeon Lowpoly Pack/Prefabs/01_DiningHall_01_Bottle#2.prefab using Guid(26b95fa21dfcfeb4fb4aea448e8d05c3) Importer(815301076,1909f56bfc062723c751e8b465ee728b)  -> (artifact id: '5cd1e50716a8eccedffa77eb6ae6fbcc') in 0.020931 seconds 
========================================================================
Received Import Request.
  Time since last request: 0.000037 seconds.
  path: Assets/Scenes/CatBorg Studio/3D Dungeon Lowpoly Pack/Models/01_Library_01_BookShelve_1.fbx
  artifactKey: Guid(96e8e095ce718cb48ab139ad2ca550e5) Importer(815301076,1909f56bfc062723c751e8b465ee728b)
Start importing Assets/Scenes/CatBorg Studio/3D Dungeon Lowpoly Pack/Models/01_Library_01_BookShelve_1.fbx using Guid(96e8e095ce718cb48ab139ad2ca550e5) Importer(815301076,1909f56bfc062723c751e8b465ee728b)  -> (artifact id: '8f83decd0430d415a05f662a7d6749e4') in 0.046342 seconds 
========================================================================
Received Import Request.
  Time since last request: 0.000036 seconds.
  path: Packages/com.unity.ext.nunit/package.json
  artifactKey: Guid(8143d3a8390f2c64685e3bc272bd9e90) Importer(815301076,1909f56bfc062723c751e8b465ee728b)
Start importing Packages/com.unity.ext.nunit/package.json using Guid(8143d3a8390f2c64685e3bc272bd9e90) Importer(815301076,1909f56bfc062723c751e8b465ee728b)  -> (artifact id: 'b40fc5629c4141466786b845dfe4fc31') in 0.013770 seconds 
========================================================================
Received Import Request.
  Time since last request: 0.000037 seconds.
  path: Assets/Scenes/CatBorg Studio/3D Dungeon Lowpoly Pack/Prefabs/02_Kitchen_01_CookingPot#2.prefab
  artifactKey: Guid(3e949684ea4f4744d8394630ed256f96) Importer(815301076,1909f56bfc062723c751e8b465ee728b)
Start importing Assets/Scenes/CatBorg Studio/3D Dungeon Lowpoly Pack/Prefabs/02_Kitchen_01_CookingPot#2.prefab using Guid(3e949684ea4f4744d8394630ed256f96) Importer(815301076,1909f56bfc062723c751e8b465ee728b)  -> (artifact id: 'ce96e5d8602c42b16c31f6f70d4db17a') in 0.018908 seconds 
========================================================================
Received Import Request.
  Time since last request: 0.000030 seconds.
  path: Assets/Scenes/CatBorg Studio/3D Dungeon Lowpoly Pack/Models/05_Vault_01_Chest_Bottom#1.fbx
  artifactKey: Guid(098765961acad1548861aaa92041abf0) Importer(815301076,1909f56bfc062723c751e8b465ee728b)
Start importing Assets/Scenes/CatBorg Studio/3D Dungeon Lowpoly Pack/Models/05_Vault_01_Chest_Bottom#1.fbx using Guid(098765961acad1548861aaa92041abf0) Importer(815301076,1909f56bfc062723c751e8b465ee728b)  -> (artifact id: '3a076160a9862ec7257d9037f7889016') in 0.043041 seconds 
========================================================================
Received Import Request.
  Time since last request: 0.000049 seconds.
  path: Assets/Scenes/CatBorg Studio/3D Dungeon Lowpoly Pack/Prefabs/02_Kitchen_01_Chopper.prefab
  artifactKey: Guid(5c3b2f97e5ae4a542b61db3ba11403ff) Importer(815301076,1909f56bfc062723c751e8b465ee728b)
Start importing Assets/Scenes/CatBorg Studio/3D Dungeon Lowpoly Pack/Prefabs/02_Kitchen_01_Chopper.prefab using Guid(5c3b2f97e5ae4a542b61db3ba11403ff) Importer(815301076,1909f56bfc062723c751e8b465ee728b)  -> (artifact id: '7fd778e64c842c3ee0b0f6f3a1e1a78c') in 0.021940 seconds 
========================================================================
Received Import Request.
  Time since last request: 0.000049 seconds.
  path: Assets/Scenes/CatBorg Studio/3D Dungeon Lowpoly Pack/Prefabs/02_Kitchen_01_CookingPot#1.prefab
  artifactKey: Guid(16dfe05c8ffa4d84681d7cd84ab17842) Importer(815301076,1909f56bfc062723c751e8b465ee728b)
Start importing Assets/Scenes/CatBorg Studio/3D Dungeon Lowpoly Pack/Prefabs/02_Kitchen_01_CookingPot#1.prefab using Guid(16dfe05c8ffa4d84681d7cd84ab17842) Importer(815301076,1909f56bfc062723c751e8b465ee728b)  -> (artifact id: '579999f95fda5adcf7923b678cb71c56') in 0.017748 seconds 
========================================================================
Received Import Request.
  Time since last request: 0.000028 seconds.
  path: Assets/AurynSky/Gems Ultimate Pack/Materials/Blue.mat
  artifactKey: Guid(d3fdd53a2b5dd904fad8d824266a4cad) Importer(815301076,1909f56bfc062723c751e8b465ee728b)
Start importing Assets/AurynSky/Gems Ultimate Pack/Materials/Blue.mat using Guid(d3fdd53a2b5dd904fad8d824266a4cad) Importer(815301076,1909f56bfc062723c751e8b465ee728b)  -> (artifact id: '836f691205ce0eac0b2a18750e573d92') in 0.015856 seconds 
========================================================================
Received Import Request.
  Time since last request: 0.000028 seconds.
  path: Assets/Scenes/CatBorg Studio/3D Dungeon Lowpoly Pack/Prefabs/01_DiningHall_01_Bowl#1.prefab
  artifactKey: Guid(6e86b822bb8d54542ac1e3cf1972452c) Importer(815301076,1909f56bfc062723c751e8b465ee728b)
Start importing Assets/Scenes/CatBorg Studio/3D Dungeon Lowpoly Pack/Prefabs/01_DiningHall_01_Bowl#1.prefab using Guid(6e86b822bb8d54542ac1e3cf1972452c) Importer(815301076,1909f56bfc062723c751e8b465ee728b)  -> (artifact id: '523ae367a89aba6cda9fb1b1fcfe9964') in 0.016343 seconds 
========================================================================
Received Import Request.
  Time since last request: 0.000029 seconds.
  path: Assets/Scenes/CatBorg Studio/3D Dungeon Lowpoly Pack/Prefabs/01_DiningHall_01_Candels#1.prefab
  artifactKey: Guid(842a752523ece6c4996c2c95378a4536) Importer(815301076,1909f56bfc062723c751e8b465ee728b)
Start importing Assets/Scenes/CatBorg Studio/3D Dungeon Lowpoly Pack/Prefabs/01_DiningHall_01_Candels#1.prefab using Guid(842a752523ece6c4996c2c95378a4536) Importer(815301076,1909f56bfc062723c751e8b465ee728b)  -> (artifact id: '0a5b52f1484d34aa05cb52559de6d453') in 0.015312 seconds 
========================================================================
Received Import Request.
  Time since last request: 0.000023 seconds.
  path: Assets/Scenes/CatBorg Studio/3D Dungeon Lowpoly Pack/Prefabs/01_Library_01_Chear_High#1.prefab
  artifactKey: Guid(a81f44cd09f9df54fac3fd8623a66806) Importer(815301076,1909f56bfc062723c751e8b465ee728b)
Start importing Assets/Scenes/CatBorg Studio/3D Dungeon Lowpoly Pack/Prefabs/01_Library_01_Chear_High#1.prefab using Guid(a81f44cd09f9df54fac3fd8623a66806) Importer(815301076,1909f56bfc062723c751e8b465ee728b)  -> (artifact id: '37945c7565edf3d690b76d9837a91318') in 0.017204 seconds 
========================================================================
Received Import Request.
  Time since last request: 0.000027 seconds.
  path: Assets/AurynSky/Gems Ultimate Pack/Materials/Orange.mat
  artifactKey: Guid(5a9e6cf91cbfc1a4fbc9470cca37b97a) Importer(815301076,1909f56bfc062723c751e8b465ee728b)
Start importing Assets/AurynSky/Gems Ultimate Pack/Materials/Orange.mat using Guid(5a9e6cf91cbfc1a4fbc9470cca37b97a) Importer(815301076,1909f56bfc062723c751e8b465ee728b)  -> (artifact id: '579fe34c3e013ad1493da28f2cf49642') in 0.015667 seconds 
========================================================================
Received Import Request.
  Time since last request: 0.000034 seconds.
  path: Assets/Scenes/CatBorg Studio/3D Dungeon Lowpoly Pack/Prefabs/02_Kitchen_01_CookingPot#1_Stander.prefab
  artifactKey: Guid(6f96ed54204e1b04ba9e374d43f51bd6) Importer(815301076,1909f56bfc062723c751e8b465ee728b)
Start importing Assets/Scenes/CatBorg Studio/3D Dungeon Lowpoly Pack/Prefabs/02_Kitchen_01_CookingPot#1_Stander.prefab using Guid(6f96ed54204e1b04ba9e374d43f51bd6) Importer(815301076,1909f56bfc062723c751e8b465ee728b)  -> (artifact id: 'f214d1e15783bd42c36f01365ca575fa') in 0.014246 seconds 
========================================================================
Received Import Request.
  Time since last request: 0.000024 seconds.
  path: Assets/Scenes/CatBorg Studio/3D Dungeon Lowpoly Pack/Models/01_Library_01_BookSmall_Green.fbx
  artifactKey: Guid(19beee987cc34624cb12ac982e0dc8e6) Importer(815301076,1909f56bfc062723c751e8b465ee728b)
Start importing Assets/Scenes/CatBorg Studio/3D Dungeon Lowpoly Pack/Models/01_Library_01_BookSmall_Green.fbx using Guid(19beee987cc34624cb12ac982e0dc8e6) Importer(815301076,1909f56bfc062723c751e8b465ee728b)  -> (artifact id: '8bfce32f7d1792657e9e8f2fb4a0558a') in 0.032586 seconds 
========================================================================
Received Import Request.
  Time since last request: 0.000033 seconds.
  path: Assets/AurynSky/Gems Ultimate Pack/Materials/Yellow.mat
  artifactKey: Guid(640dc2f025ee433489ca50d9f685de47) Importer(815301076,1909f56bfc062723c751e8b465ee728b)
Start importing Assets/AurynSky/Gems Ultimate Pack/Materials/Yellow.mat using Guid(640dc2f025ee433489ca50d9f685de47) Importer(815301076,1909f56bfc062723c751e8b465ee728b)  -> (artifact id: 'af85ef11888906700495a323a5b55938') in 0.021307 seconds 
========================================================================
Received Import Request.
  Time since last request: 0.000037 seconds.
  path: Assets/Scenes/CatBorg Studio/3D Dungeon Lowpoly Pack/Models/02_Kitchen_01_CookingPot#3.fbx
  artifactKey: Guid(7d1974cd9f00a6642becc6a9c5f9dd16) Importer(815301076,1909f56bfc062723c751e8b465ee728b)
Start importing Assets/Scenes/CatBorg Studio/3D Dungeon Lowpoly Pack/Models/02_Kitchen_01_CookingPot#3.fbx using Guid(7d1974cd9f00a6642becc6a9c5f9dd16) Importer(815301076,1909f56bfc062723c751e8b465ee728b)  -> (artifact id: '94734d74aa5c63814ee4fd332b7de209') in 0.026580 seconds 
========================================================================
Received Import Request.
  Time since last request: 0.000025 seconds.
  path: Assets/Scenes/CatBorg Studio/3D Dungeon Lowpoly Pack/Prefabs/01_Library_01_Chear_High#2.prefab
  artifactKey: Guid(d23f889ee6731c448a8b0d59b4ee8088) Importer(815301076,1909f56bfc062723c751e8b465ee728b)
Start importing Assets/Scenes/CatBorg Studio/3D Dungeon Lowpoly Pack/Prefabs/01_Library_01_Chear_High#2.prefab using Guid(d23f889ee6731c448a8b0d59b4ee8088) Importer(815301076,1909f56bfc062723c751e8b465ee728b)  -> (artifact id: '4fa93e4586f1daddcff696bf0f2c8a82') in 0.018328 seconds 
========================================================================
Received Import Request.
  Time since last request: 0.000112 seconds.
  path: Assets/Scenes/CatBorg Studio/3D Dungeon Lowpoly Pack/Prefabs/01_DiningHall_01_Bottle#1.prefab
  artifactKey: Guid(7587bd0edf0376344ac9bc85565f8c37) Importer(815301076,1909f56bfc062723c751e8b465ee728b)
Start importing Assets/Scenes/CatBorg Studio/3D Dungeon Lowpoly Pack/Prefabs/01_DiningHall_01_Bottle#1.prefab using Guid(7587bd0edf0376344ac9bc85565f8c37) Importer(815301076,1909f56bfc062723c751e8b465ee728b)  -> (artifact id: '51e2ff73be09143c803ebb8c3be744e6') in 0.015734 seconds 
========================================================================
Received Import Request.
  Time since last request: 0.000033 seconds.
  path: Assets/Scenes/CatBorg Studio/3D Dungeon Lowpoly Pack/Prefabs/02_Kitchen_01_CuttingBoard.prefab
  artifactKey: Guid(971e70123fa0f8540bb03284db541417) Importer(815301076,1909f56bfc062723c751e8b465ee728b)
Start importing Assets/Scenes/CatBorg Studio/3D Dungeon Lowpoly Pack/Prefabs/02_Kitchen_01_CuttingBoard.prefab using Guid(971e70123fa0f8540bb03284db541417) Importer(815301076,1909f56bfc062723c751e8b465ee728b)  -> (artifact id: '560c3aedfdf3ac7adfc1bd43d613a634') in 0.017988 seconds 
========================================================================
Received Import Request.
  Time since last request: 0.000022 seconds.
  path: Assets/Scenes/CatBorg Studio/3D Dungeon Lowpoly Pack/Prefabs/02_Kitchen_01_CookingPot#3.prefab
  artifactKey: Guid(2aa6286db4bf6c24ba9c943b1b942f94) Importer(815301076,1909f56bfc062723c751e8b465ee728b)
Start importing Assets/Scenes/CatBorg Studio/3D Dungeon Lowpoly Pack/Prefabs/02_Kitchen_01_CookingPot#3.prefab using Guid(2aa6286db4bf6c24ba9c943b1b942f94) Importer(815301076,1909f56bfc062723c751e8b465ee728b)  -> (artifact id: 'c621b9e0793102de3f5205c143a0f280') in 0.017139 seconds 
========================================================================
Received Import Request.
  Time since last request: 0.000049 seconds.
  path: Assets/Scenes/CatBorg Studio/3D Dungeon Lowpoly Pack/Prefabs/02_Kitchen_01_CuttingBoard#2.prefab
  artifactKey: Guid(3b4da24dd8e66214c9d50248a0effe83) Importer(815301076,1909f56bfc062723c751e8b465ee728b)
Start importing Assets/Scenes/CatBorg Studio/3D Dungeon Lowpoly Pack/Prefabs/02_Kitchen_01_CuttingBoard#2.prefab using Guid(3b4da24dd8e66214c9d50248a0effe83) Importer(815301076,1909f56bfc062723c751e8b465ee728b)  -> (artifact id: 'be52642535134e5180884a54abac80e4') in 0.019024 seconds 
========================================================================
Received Import Request.
  Time since last request: 0.000041 seconds.
  path: Assets/AurynSky/Gems Ultimate Pack/Materials/Pink.mat
  artifactKey: Guid(34a2d4fc8f422c345a4cc739f3ee3b81) Importer(815301076,1909f56bfc062723c751e8b465ee728b)
Start importing Assets/AurynSky/Gems Ultimate Pack/Materials/Pink.mat using Guid(34a2d4fc8f422c345a4cc739f3ee3b81) Importer(815301076,1909f56bfc062723c751e8b465ee728b)  -> (artifact id: '2afe73f8888cec8cb2838b36a895ced8') in 0.015705 seconds 
========================================================================
Received Import Request.
  Time since last request: 0.000024 seconds.
  path: Assets/Scenes/CatBorg Studio/3D Dungeon Lowpoly Pack/Prefabs/01_Library_01_Desk#1.prefab
  artifactKey: Guid(d9691ccd0f8b8614aba757fa4b4cdf8b) Importer(815301076,1909f56bfc062723c751e8b465ee728b)
Start importing Assets/Scenes/CatBorg Studio/3D Dungeon Lowpoly Pack/Prefabs/01_Library_01_Desk#1.prefab using Guid(d9691ccd0f8b8614aba757fa4b4cdf8b) Importer(815301076,1909f56bfc062723c751e8b465ee728b)  -> (artifact id: '485b0bbb726bcaec1308304b503771c1') in 0.017437 seconds 
========================================================================
Received Import Request.
  Time since last request: 0.000070 seconds.
  path: Packages/com.unity.testtools.codecoverage/package.json
  artifactKey: Guid(ba7d60725b0ec604698819352642be89) Importer(815301076,1909f56bfc062723c751e8b465ee728b)
Start importing Packages/com.unity.testtools.codecoverage/package.json using Guid(ba7d60725b0ec604698819352642be89) Importer(815301076,1909f56bfc062723c751e8b465ee728b)  -> (artifact id: 'bd2dd2fcfb070eff30dd06220f902a2a') in 0.008204 seconds 
========================================================================
Received Import Request.
  Time since last request: 0.000051 seconds.
  path: Assets/Scenes/CatBorg Studio/3D Dungeon Lowpoly Pack/Models/01_Library_01_Desk#1.fbx
  artifactKey: Guid(c454e92f88d86214cb2e75fe02c580d9) Importer(815301076,1909f56bfc062723c751e8b465ee728b)
Start importing Assets/Scenes/CatBorg Studio/3D Dungeon Lowpoly Pack/Models/01_Library_01_Desk#1.fbx using Guid(c454e92f88d86214cb2e75fe02c580d9) Importer(815301076,1909f56bfc062723c751e8b465ee728b)  -> (artifact id: '34d4d5096e6d4e8af7ad1fa39bea1e0a') in 0.028729 seconds 
========================================================================
Received Import Request.
  Time since last request: 0.000057 seconds.
  path: Assets/Scenes/CatBorg Studio/3D Dungeon Lowpoly Pack/Prefabs/01_Library_01_BookSmall_Purple.prefab
  artifactKey: Guid(06da729a12d15bd4ea5ab273ba5c2a7e) Importer(815301076,1909f56bfc062723c751e8b465ee728b)
Start importing Assets/Scenes/CatBorg Studio/3D Dungeon Lowpoly Pack/Prefabs/01_Library_01_BookSmall_Purple.prefab using Guid(06da729a12d15bd4ea5ab273ba5c2a7e) Importer(815301076,1909f56bfc062723c751e8b465ee728b)  -> (artifact id: 'cd5ffbebaefcaf79bb7138c0230590f3') in 0.016423 seconds 
========================================================================
Received Import Request.
  Time since last request: 0.000035 seconds.
  path: Assets/Scenes/CatBorg Studio/3D Dungeon Lowpoly Pack/Models/02_Kitchen_01_CookingPot#2.fbx
  artifactKey: Guid(20ac841c5eb778d488b5a88d44d1bbee) Importer(815301076,1909f56bfc062723c751e8b465ee728b)
Start importing Assets/Scenes/CatBorg Studio/3D Dungeon Lowpoly Pack/Models/02_Kitchen_01_CookingPot#2.fbx using Guid(20ac841c5eb778d488b5a88d44d1bbee) Importer(815301076,1909f56bfc062723c751e8b465ee728b)  -> (artifact id: '3038fd72f385444ae74d5fa4bee87f2b') in 0.027101 seconds 
========================================================================
Received Import Request.
  Time since last request: 0.000034 seconds.
  path: Assets/Scenes/CatBorg Studio/3D Dungeon Lowpoly Pack/Prefabs/01_DiningHall_01_WoodenTable#1.prefab
  artifactKey: Guid(dc9b885602f11ae4b81c7749b464e6dc) Importer(815301076,1909f56bfc062723c751e8b465ee728b)
Start importing Assets/Scenes/CatBorg Studio/3D Dungeon Lowpoly Pack/Prefabs/01_DiningHall_01_WoodenTable#1.prefab using Guid(dc9b885602f11ae4b81c7749b464e6dc) Importer(815301076,1909f56bfc062723c751e8b465ee728b)  -> (artifact id: '1d0e212428a7353d798fc2ff2dbc9ba9') in 0.015584 seconds 
========================================================================
Received Import Request.
  Time since last request: 0.000033 seconds.
  path: Assets/Scenes/CatBorg Studio/3D Dungeon Lowpoly Pack/Materials/Glass.mat
  artifactKey: Guid(00d936608e1969947b5f410959bad6ab) Importer(815301076,1909f56bfc062723c751e8b465ee728b)
Start importing Assets/Scenes/CatBorg Studio/3D Dungeon Lowpoly Pack/Materials/Glass.mat using Guid(00d936608e1969947b5f410959bad6ab) Importer(815301076,1909f56bfc062723c751e8b465ee728b)  -> (artifact id: 'ce739a73f7f330daa105925fcbf8b898') in 0.252958 seconds 
========================================================================
Received Import Request.
  Time since last request: 0.000032 seconds.
  path: Assets/Scenes/CatBorg Studio/3D Dungeon Lowpoly Pack/Prefabs/03_Blacksmith_01_Anvil.prefab
  artifactKey: Guid(6c4f80978ba9d5643881d5508aee3dba) Importer(815301076,1909f56bfc062723c751e8b465ee728b)
Start importing Assets/Scenes/CatBorg Studio/3D Dungeon Lowpoly Pack/Prefabs/03_Blacksmith_01_Anvil.prefab using Guid(6c4f80978ba9d5643881d5508aee3dba) Importer(815301076,1909f56bfc062723c751e8b465ee728b)  -> (artifact id: 'ec1d8af1a344e474c2396f7cb5826e44') in 0.017430 seconds 
========================================================================
Received Import Request.
  Time since last request: 0.000054 seconds.
  path: Assets/Scenes/CatBorg Studio/3D Dungeon Lowpoly Pack/Prefabs/04_Bedroom_01_Matrace_ForBeed_1.prefab
  artifactKey: Guid(1dba64d63b3ff9545af2152cc3320b9a) Importer(815301076,1909f56bfc062723c751e8b465ee728b)
Start importing Assets/Scenes/CatBorg Studio/3D Dungeon Lowpoly Pack/Prefabs/04_Bedroom_01_Matrace_ForBeed_1.prefab using Guid(1dba64d63b3ff9545af2152cc3320b9a) Importer(815301076,1909f56bfc062723c751e8b465ee728b)  -> (artifact id: 'f3acfaa92d6fd89afd726699e6c4dbe8') in 0.017063 seconds 
========================================================================
Received Import Request.
  Time since last request: 0.000031 seconds.
  path: Assets/Scenes/CatBorg Studio/3D Dungeon Lowpoly Pack/Prefabs/03_Blacksmith_01_CooperBar.prefab
  artifactKey: Guid(d9c87df41475ca343b77b12b71160898) Importer(815301076,1909f56bfc062723c751e8b465ee728b)
Start importing Assets/Scenes/CatBorg Studio/3D Dungeon Lowpoly Pack/Prefabs/03_Blacksmith_01_CooperBar.prefab using Guid(d9c87df41475ca343b77b12b71160898) Importer(815301076,1909f56bfc062723c751e8b465ee728b)  -> (artifact id: 'eee17579782ea87406530ade19f8ccac') in 0.018230 seconds 
========================================================================
Received Import Request.
  Time since last request: 0.000025 seconds.
  path: Assets/Scenes/CatBorg Studio/3D Dungeon Lowpoly Pack/Prefabs/04_Bedroom_01_Beed_4.prefab
  artifactKey: Guid(3663fe85de2b3634e8ec440c8b8c3dca) Importer(815301076,1909f56bfc062723c751e8b465ee728b)
Start importing Assets/Scenes/CatBorg Studio/3D Dungeon Lowpoly Pack/Prefabs/04_Bedroom_01_Beed_4.prefab using Guid(3663fe85de2b3634e8ec440c8b8c3dca) Importer(815301076,1909f56bfc062723c751e8b465ee728b)  -> (artifact id: 'b764eb7b1cb1220f91b1e0acd46b099c') in 0.018923 seconds 
========================================================================
Received Import Request.
  Time since last request: 0.000110 seconds.
  path: Assets/Scenes/CatBorg Studio/3D Dungeon Lowpoly Pack/Prefabs/05_Vault_01_Coin#1.prefab
  artifactKey: Guid(4296b59400a9273488a86c13f4600e9a) Importer(815301076,1909f56bfc062723c751e8b465ee728b)
Start importing Assets/Scenes/CatBorg Studio/3D Dungeon Lowpoly Pack/Prefabs/05_Vault_01_Coin#1.prefab using Guid(4296b59400a9273488a86c13f4600e9a) Importer(815301076,1909f56bfc062723c751e8b465ee728b)  -> (artifact id: '70c4f753db22ef8262b685783fe66266') in 0.017050 seconds 
========================================================================
Received Import Request.
  Time since last request: 0.000022 seconds.
  path: Assets/Scenes/CatBorg Studio/3D Dungeon Lowpoly Pack/Models/01_Library_01_Desk#2.fbx
  artifactKey: Guid(d9296ca73520c5942abb74bc4a400a54) Importer(815301076,1909f56bfc062723c751e8b465ee728b)
Start importing Assets/Scenes/CatBorg Studio/3D Dungeon Lowpoly Pack/Models/01_Library_01_Desk#2.fbx using Guid(d9296ca73520c5942abb74bc4a400a54) Importer(815301076,1909f56bfc062723c751e8b465ee728b)  -> (artifact id: '4a2e3a1bb35ead2427eb5df52ec3127a') in 0.027077 seconds 
========================================================================
Received Import Request.
  Time since last request: 0.000038 seconds.
  path: Assets/Scenes/CatBorg Studio/3D Dungeon Lowpoly Pack/Models/02_Kitchen_01_CuttingBoard.fbx
  artifactKey: Guid(2aca63611f404414daf3fd813acac052) Importer(815301076,1909f56bfc062723c751e8b465ee728b)
Start importing Assets/Scenes/CatBorg Studio/3D Dungeon Lowpoly Pack/Models/02_Kitchen_01_CuttingBoard.fbx using Guid(2aca63611f404414daf3fd813acac052) Importer(815301076,1909f56bfc062723c751e8b465ee728b)  -> (artifact id: '9876d0c8c446591299ed472ce6bfc150') in 0.027304 seconds 
========================================================================
Received Import Request.
  Time since last request: 0.000024 seconds.
  path: Assets/AurynSky/Gems Ultimate Pack/Materials/Red.mat
  artifactKey: Guid(6a6944f4904547e4fb039789da5fcd85) Importer(815301076,1909f56bfc062723c751e8b465ee728b)
Start importing Assets/AurynSky/Gems Ultimate Pack/Materials/Red.mat using Guid(6a6944f4904547e4fb039789da5fcd85) Importer(815301076,1909f56bfc062723c751e8b465ee728b)  -> (artifact id: 'b4fc1efec5f70ff33adf7216735edc7b') in 0.017570 seconds 
========================================================================
Received Import Request.
  Time since last request: 0.000101 seconds.
  path: Assets/Scenes/CatBorg Studio/3D Dungeon Lowpoly Pack/Models/01_Library_01_BigBook#1.fbx
  artifactKey: Guid(76076db2398f4f741bb013f71794447e) Importer(815301076,1909f56bfc062723c751e8b465ee728b)
Start importing Assets/Scenes/CatBorg Studio/3D Dungeon Lowpoly Pack/Models/01_Library_01_BigBook#1.fbx using Guid(76076db2398f4f741bb013f71794447e) Importer(815301076,1909f56bfc062723c751e8b465ee728b)  -> (artifact id: '15d4a9f65684aaaf4a19629d0cc0c3ad') in 0.025332 seconds 
========================================================================
Received Import Request.
  Time since last request: 0.000029 seconds.
  path: Assets/Scenes/CatBorg Studio/3D Dungeon Lowpoly Pack/Models/01_DiningHall_01_Bottle#2.fbx
  artifactKey: Guid(8a0da4ad7bc1e8347962e57617420844) Importer(815301076,1909f56bfc062723c751e8b465ee728b)
Start importing Assets/Scenes/CatBorg Studio/3D Dungeon Lowpoly Pack/Models/01_DiningHall_01_Bottle#2.fbx using Guid(8a0da4ad7bc1e8347962e57617420844) Importer(815301076,1909f56bfc062723c751e8b465ee728b)  -> (artifact id: '0b8e763e8592f99a9610966d00cb7891') in 0.023454 seconds 
========================================================================
Received Import Request.
  Time since last request: 0.000040 seconds.
  path: Assets/Scenes/CatBorg Studio/3D Dungeon Lowpoly Pack/Models/01_Library_01_Chear_High#2.fbx
  artifactKey: Guid(a6f6571c6dbe24a41a8bda8fd28c0be2) Importer(815301076,1909f56bfc062723c751e8b465ee728b)
Start importing Assets/Scenes/CatBorg Studio/3D Dungeon Lowpoly Pack/Models/01_Library_01_Chear_High#2.fbx using Guid(a6f6571c6dbe24a41a8bda8fd28c0be2) Importer(815301076,1909f56bfc062723c751e8b465ee728b)  -> (artifact id: '699b03ab03c6f7d50c4c621ae2aab971') in 0.027688 seconds 
========================================================================
Received Import Request.
  Time since last request: 0.000045 seconds.
  path: Assets/Scenes/CatBorg Studio/3D Dungeon Lowpoly Pack/Prefabs/01_Library_01_BookShelve_1.prefab
  artifactKey: Guid(34883640f89bba84885fe5885c21fa37) Importer(815301076,1909f56bfc062723c751e8b465ee728b)
Start importing Assets/Scenes/CatBorg Studio/3D Dungeon Lowpoly Pack/Prefabs/01_Library_01_BookShelve_1.prefab using Guid(34883640f89bba84885fe5885c21fa37) Importer(815301076,1909f56bfc062723c751e8b465ee728b)  -> (artifact id: 'bd37ec03ddb1aa7425ede18b6e7bc303') in 0.019549 seconds 
========================================================================
Received Import Request.
  Time since last request: 0.000032 seconds.
  path: Assets/Scenes/CatBorg Studio/3D Dungeon Lowpoly Pack/Prefabs/96_Traps_Trap_Cannon.prefab
  artifactKey: Guid(ba998d105a9565c448068e6ed8407858) Importer(815301076,1909f56bfc062723c751e8b465ee728b)
Start importing Assets/Scenes/CatBorg Studio/3D Dungeon Lowpoly Pack/Prefabs/96_Traps_Trap_Cannon.prefab using Guid(ba998d105a9565c448068e6ed8407858) Importer(815301076,1909f56bfc062723c751e8b465ee728b)  -> (artifact id: '6de5d682a961a63edec96a0eb994fc51') in 0.017126 seconds 
========================================================================
Received Import Request.
  Time since last request: 0.000033 seconds.
  path: Assets/Scenes/CatBorg Studio/3D Dungeon Lowpoly Pack/Prefabs/97_Othert_Key_Green_2.prefab
  artifactKey: Guid(06e0f718c84ed394a909af3edcfc9693) Importer(815301076,1909f56bfc062723c751e8b465ee728b)
Start importing Assets/Scenes/CatBorg Studio/3D Dungeon Lowpoly Pack/Prefabs/97_Othert_Key_Green_2.prefab using Guid(06e0f718c84ed394a909af3edcfc9693) Importer(815301076,1909f56bfc062723c751e8b465ee728b)  -> (artifact id: '7d15ad80d4c4c79014a697454984a931') in 0.018845 seconds 
========================================================================
Received Import Request.
  Time since last request: 0.000029 seconds.
  path: Assets/Scenes/CatBorg Studio/3D Dungeon Lowpoly Pack/Prefabs/97_Othert_Barrel_MK2.prefab
  artifactKey: Guid(3df9b2ddf5f6382488f21cad82623b16) Importer(815301076,1909f56bfc062723c751e8b465ee728b)
Start importing Assets/Scenes/CatBorg Studio/3D Dungeon Lowpoly Pack/Prefabs/97_Othert_Barrel_MK2.prefab using Guid(3df9b2ddf5f6382488f21cad82623b16) Importer(815301076,1909f56bfc062723c751e8b465ee728b)  -> (artifact id: '5f1f9882e4849bb80338861d28c5863d') in 0.028541 seconds 
========================================================================
Received Import Request.
  Time since last request: 0.000070 seconds.
  path: Assets/Scenes/CatBorg Studio/3D Dungeon Lowpoly Pack/Prefabs/99_Decorations_WallBanner_0.prefab
  artifactKey: Guid(176d5285766cfaa42bf3540a6c941dfc) Importer(815301076,1909f56bfc062723c751e8b465ee728b)
Start importing Assets/Scenes/CatBorg Studio/3D Dungeon Lowpoly Pack/Prefabs/99_Decorations_WallBanner_0.prefab using Guid(176d5285766cfaa42bf3540a6c941dfc) Importer(815301076,1909f56bfc062723c751e8b465ee728b)  -> (artifact id: '19f42cd7f79243395aa3303abdc79119') in 0.018479 seconds 
========================================================================
Received Import Request.
  Time since last request: 0.000036 seconds.
  path: Assets/Scenes/CatBorg Studio/3D Dungeon Lowpoly Pack/Prefabs/99_Decorations_WallBanner_2.prefab
  artifactKey: Guid(cb547a51801b3884080047d91a3876fb) Importer(815301076,1909f56bfc062723c751e8b465ee728b)
Start importing Assets/Scenes/CatBorg Studio/3D Dungeon Lowpoly Pack/Prefabs/99_Decorations_WallBanner_2.prefab using Guid(cb547a51801b3884080047d91a3876fb) Importer(815301076,1909f56bfc062723c751e8b465ee728b)  -> (artifact id: 'eb01e3d657b8a82186fcbfe1819c2d2b') in 0.024902 seconds 
========================================================================
Received Import Request.
  Time since last request: 0.000036 seconds.
  path: Assets/Scenes/CatBorg Studio/3D Dungeon Lowpoly Pack/Prefabs/99_Enviroment_Floor_01.prefab
  artifactKey: Guid(0646289dde1e8a544800d3790d629971) Importer(815301076,1909f56bfc062723c751e8b465ee728b)
Start importing Assets/Scenes/CatBorg Studio/3D Dungeon Lowpoly Pack/Prefabs/99_Enviroment_Floor_01.prefab using Guid(0646289dde1e8a544800d3790d629971) Importer(815301076,1909f56bfc062723c751e8b465ee728b)  -> (artifact id: '7007e68c5f3096474d6760fb0513c714') in 0.020168 seconds 
========================================================================
Received Import Request.
  Time since last request: 0.000122 seconds.
  path: Assets/Scenes/CatBorg Studio/3D Dungeon Lowpoly Pack/Prefabs/97_Othert_PracticeTarget.prefab
  artifactKey: Guid(31d2c60b47169154b9e7a30684368870) Importer(815301076,1909f56bfc062723c751e8b465ee728b)
Start importing Assets/Scenes/CatBorg Studio/3D Dungeon Lowpoly Pack/Prefabs/97_Othert_PracticeTarget.prefab using Guid(31d2c60b47169154b9e7a30684368870) Importer(815301076,1909f56bfc062723c751e8b465ee728b)  -> (artifact id: '289a50985e3197aeba27cc0748d4e1ba') in 0.021093 seconds 
========================================================================
Received Import Request.
  Time since last request: 0.000032 seconds.
  path: Assets/Scenes/CatBorg Studio/3D Dungeon Lowpoly Pack/Prefabs/99_Decorations_SpiderWebb_1.prefab
  artifactKey: Guid(db7dcbc5ac2ca674ca387f6baaa2fd47) Importer(815301076,1909f56bfc062723c751e8b465ee728b)
Start importing Assets/Scenes/CatBorg Studio/3D Dungeon Lowpoly Pack/Prefabs/99_Decorations_SpiderWebb_1.prefab using Guid(db7dcbc5ac2ca674ca387f6baaa2fd47) Importer(815301076,1909f56bfc062723c751e8b465ee728b)  -> (artifact id: '58db7c9922c2ee33965458e8ec775aa5') in 0.019480 seconds 
========================================================================
Received Import Request.
  Time since last request: 0.000193 seconds.
  path: Assets/Scenes/CatBorg Studio/3D Dungeon Lowpoly Pack/Prefabs/99_Enviroment_Doors.prefab
  artifactKey: Guid(a88728279c9ff77439e3768970fce445) Importer(815301076,1909f56bfc062723c751e8b465ee728b)
Start importing Assets/Scenes/CatBorg Studio/3D Dungeon Lowpoly Pack/Prefabs/99_Enviroment_Doors.prefab using Guid(a88728279c9ff77439e3768970fce445) Importer(815301076,1909f56bfc062723c751e8b465ee728b)  -> (artifact id: 'd92d0fd8f6007de639087d523a510dea') in 0.019223 seconds 
========================================================================
Received Import Request.
  Time since last request: 0.000037 seconds.
  path: Assets/Scenes/CatBorg Studio/3D Dungeon Lowpoly Pack/Prefabs/96_Traps_Trap_RamTower.prefab
  artifactKey: Guid(eef7a51b8a7ba6a4bad2bd1f471c7590) Importer(815301076,1909f56bfc062723c751e8b465ee728b)
Start importing Assets/Scenes/CatBorg Studio/3D Dungeon Lowpoly Pack/Prefabs/96_Traps_Trap_RamTower.prefab using Guid(eef7a51b8a7ba6a4bad2bd1f471c7590) Importer(815301076,1909f56bfc062723c751e8b465ee728b)  -> (artifact id: '71225ab2b78a037c9cb1416126350b9c') in 0.019662 seconds 
========================================================================
Received Import Request.
  Time since last request: 0.000022 seconds.
  path: Assets/Scenes/CatBorg Studio/3D Dungeon Lowpoly Pack/Prefabs/99_Decorations_WallBanner_4.prefab
  artifactKey: Guid(2448b7caaace7e64a8790c8d406f1fda) Importer(815301076,1909f56bfc062723c751e8b465ee728b)
Start importing Assets/Scenes/CatBorg Studio/3D Dungeon Lowpoly Pack/Prefabs/99_Decorations_WallBanner_4.prefab using Guid(2448b7caaace7e64a8790c8d406f1fda) Importer(815301076,1909f56bfc062723c751e8b465ee728b)  -> (artifact id: 'b3f4e9019319f70b066cc6e42f4af550') in 0.018049 seconds 
========================================================================
Received Import Request.
  Time since last request: 0.000037 seconds.
  path: Assets/Scenes/CatBorg Studio/3D Dungeon Lowpoly Pack/Prefabs/99_Decorations_WallBanner_5.prefab
  artifactKey: Guid(ec2f295bd6d5a874eae824112a4f523a) Importer(815301076,1909f56bfc062723c751e8b465ee728b)
Start importing Assets/Scenes/CatBorg Studio/3D Dungeon Lowpoly Pack/Prefabs/99_Decorations_WallBanner_5.prefab using Guid(ec2f295bd6d5a874eae824112a4f523a) Importer(815301076,1909f56bfc062723c751e8b465ee728b)  -> (artifact id: 'a4dae291f89c5db6c2c9bea4fdba2836') in 0.018194 seconds 
========================================================================
Received Import Request.
  Time since last request: 0.000035 seconds.
  path: Assets/Scenes/CatBorg Studio/3D Dungeon Lowpoly Pack/Prefabs/97_Othert_Torch_1.prefab
  artifactKey: Guid(6efb1860217d72445b1b6d7cfb4f8979) Importer(815301076,1909f56bfc062723c751e8b465ee728b)
Start importing Assets/Scenes/CatBorg Studio/3D Dungeon Lowpoly Pack/Prefabs/97_Othert_Torch_1.prefab using Guid(6efb1860217d72445b1b6d7cfb4f8979) Importer(815301076,1909f56bfc062723c751e8b465ee728b)  -> (artifact id: '5651eb98bbdd3254cbc977877bc41ed6') in 0.020347 seconds 
========================================================================
Received Import Request.
  Time since last request: 0.000028 seconds.
  path: Assets/Scenes/CatBorg Studio/3D Dungeon Lowpoly Pack/Prefabs/99_Enviroment_DoorsFake#1.prefab
  artifactKey: Guid(3f502d62a2f0dba418858bf9e609c6d1) Importer(815301076,1909f56bfc062723c751e8b465ee728b)
Start importing Assets/Scenes/CatBorg Studio/3D Dungeon Lowpoly Pack/Prefabs/99_Enviroment_DoorsFake#1.prefab using Guid(3f502d62a2f0dba418858bf9e609c6d1) Importer(815301076,1909f56bfc062723c751e8b465ee728b)  -> (artifact id: 'e3158e78b8f9b4d53fea3f3bdc155e08') in 0.020477 seconds 
========================================================================
Received Import Request.
  Time since last request: 0.000034 seconds.
  path: Assets/Scenes/CatBorg Studio/3D Dungeon Lowpoly Pack/Prefabs/97_Othert_Key_Green.prefab
  artifactKey: Guid(733aae2c5a2bf744080b9e23ba391d21) Importer(815301076,1909f56bfc062723c751e8b465ee728b)
Start importing Assets/Scenes/CatBorg Studio/3D Dungeon Lowpoly Pack/Prefabs/97_Othert_Key_Green.prefab using Guid(733aae2c5a2bf744080b9e23ba391d21) Importer(815301076,1909f56bfc062723c751e8b465ee728b)  -> (artifact id: 'b22490d8215d0f8eb2da93d0c8527698') in 0.020788 seconds 
========================================================================
Received Import Request.
  Time since last request: 0.000036 seconds.
  path: Assets/Scenes/CatBorg Studio/3D Dungeon Lowpoly Pack/Prefabs/05_Vault_01_Rubin#1.prefab
  artifactKey: Guid(b2d7c00e4dc018c498db89622b61d510) Importer(815301076,1909f56bfc062723c751e8b465ee728b)
Start importing Assets/Scenes/CatBorg Studio/3D Dungeon Lowpoly Pack/Prefabs/05_Vault_01_Rubin#1.prefab using Guid(b2d7c00e4dc018c498db89622b61d510) Importer(815301076,1909f56bfc062723c751e8b465ee728b)  -> (artifact id: 'c934f21b77b85dc14aa528b5a17bc4d3') in 0.021796 seconds 
========================================================================
Received Import Request.
  Time since last request: 0.000040 seconds.
  path: Assets/Scenes/CatBorg Studio/3D Dungeon Lowpoly Pack/Prefabs/03_Blacksmith_01_GrindingWheel_Frame.prefab
  artifactKey: Guid(53ae3832d83089f4abb4091017ba91f6) Importer(815301076,1909f56bfc062723c751e8b465ee728b)
Start importing Assets/Scenes/CatBorg Studio/3D Dungeon Lowpoly Pack/Prefabs/03_Blacksmith_01_GrindingWheel_Frame.prefab using Guid(53ae3832d83089f4abb4091017ba91f6) Importer(815301076,1909f56bfc062723c751e8b465ee728b)  -> (artifact id: '09a222abe7f381621329d0ac2a0195dd') in 0.024770 seconds 
========================================================================
Received Import Request.
  Time since last request: 0.000031 seconds.
  path: Assets/Scenes/CatBorg Studio/3D Dungeon Lowpoly Pack/Models/01_Library_01_BookShelve_2.fbx
  artifactKey: Guid(1caaa2aae7d235c4fabf6f775e5868ef) Importer(815301076,1909f56bfc062723c751e8b465ee728b)
Start importing Assets/Scenes/CatBorg Studio/3D Dungeon Lowpoly Pack/Models/01_Library_01_BookShelve_2.fbx using Guid(1caaa2aae7d235c4fabf6f775e5868ef) Importer(815301076,1909f56bfc062723c751e8b465ee728b)  -> (artifact id: '5f56fd4977f88b8138ca61d0f94dd8b9') in 0.031517 seconds 
========================================================================
Received Import Request.
  Time since last request: 0.000034 seconds.
  path: Assets/Scenes/CatBorg Studio/3D Dungeon Lowpoly Pack/Models/01_Library_01_BookSmall_Blue.fbx
  artifactKey: Guid(e9a3ca9aa7a65b6478a6e2b4e24357fc) Importer(815301076,1909f56bfc062723c751e8b465ee728b)
Start importing Assets/Scenes/CatBorg Studio/3D Dungeon Lowpoly Pack/Models/01_Library_01_BookSmall_Blue.fbx using Guid(e9a3ca9aa7a65b6478a6e2b4e24357fc) Importer(815301076,1909f56bfc062723c751e8b465ee728b)  -> (artifact id: '5285f9172b6caf7c4892f30585498621') in 0.025270 seconds 
========================================================================
Received Import Request.
  Time since last request: 0.000043 seconds.
  path: Assets/Scenes/CatBorg Studio/3D Dungeon Lowpoly Pack/Models/05_Vault_01_Chest_Top#1.fbx
  artifactKey: Guid(c2b00369f35bf6d4eb4d35c37db505c1) Importer(815301076,1909f56bfc062723c751e8b465ee728b)
Start importing Assets/Scenes/CatBorg Studio/3D Dungeon Lowpoly Pack/Models/05_Vault_01_Chest_Top#1.fbx using Guid(c2b00369f35bf6d4eb4d35c37db505c1) Importer(815301076,1909f56bfc062723c751e8b465ee728b)  -> (artifact id: '1b7aa623292f18b6ca581ea0c4e46ff8') in 0.032011 seconds 
========================================================================
Received Import Request.
  Time since last request: 7.058404 seconds.
  path: Assets/AurynSky/Gems Ultimate Pack/Prefabs/Cubie.prefab
  artifactKey: Guid(38dea0631a962ad45b71e2759e4240d8) Importer(815301076,1909f56bfc062723c751e8b465ee728b)
Start importing Assets/AurynSky/Gems Ultimate Pack/Prefabs/Cubie.prefab using Guid(38dea0631a962ad45b71e2759e4240d8) Importer(815301076,1909f56bfc062723c751e8b465ee728b)  -> (artifact id: '759abc100f339fc1e910375440064aa1') in 0.022746 seconds 
========================================================================
Received Import Request.
  Time since last request: 0.000033 seconds.
  path: Assets/AurynSky/Gems Ultimate Pack/Prefabs/Diamondo.prefab
  artifactKey: Guid(5c02591794acece409986647ed6329a7) Importer(815301076,1909f56bfc062723c751e8b465ee728b)
Start importing Assets/AurynSky/Gems Ultimate Pack/Prefabs/Diamondo.prefab using Guid(5c02591794acece409986647ed6329a7) Importer(815301076,1909f56bfc062723c751e8b465ee728b)  -> (artifact id: 'df251660b2b082ba46b34876d68571ab') in 0.021421 seconds 
========================================================================
Received Import Request.
  Time since last request: 0.000025 seconds.
  path: Assets/AurynSky/Gems Ultimate Pack/Prefabs/SphereGemSmall.prefab
  artifactKey: Guid(af16961524284e54491133548920258b) Importer(815301076,1909f56bfc062723c751e8b465ee728b)
Start importing Assets/AurynSky/Gems Ultimate Pack/Prefabs/SphereGemSmall.prefab using Guid(af16961524284e54491133548920258b) Importer(815301076,1909f56bfc062723c751e8b465ee728b)  -> (artifact id: 'c31fa777f231f50164f68647de3c2daa') in 0.015494 seconds 
========================================================================
Received Import Request.
  Time since last request: 0.000143 seconds.
  path: Assets/AurynSky/Gems Ultimate Pack/Prefabs/HardStar.prefab
  artifactKey: Guid(c4bf8b30fce268044a786a8600922324) Importer(815301076,1909f56bfc062723c751e8b465ee728b)
Start importing Assets/AurynSky/Gems Ultimate Pack/Prefabs/HardStar.prefab using Guid(c4bf8b30fce268044a786a8600922324) Importer(815301076,1909f56bfc062723c751e8b465ee728b)  -> (artifact id: 'da146b3855601fc7954fa17bacca4c3a') in 0.017269 seconds 
========================================================================
Received Import Request.
  Time since last request: 0.000030 seconds.
  path: Assets/AurynSky/Gems Ultimate Pack/Prefabs/Hexgon.prefab
  artifactKey: Guid(676e107eeafc5524b97910d76516565d) Importer(815301076,1909f56bfc062723c751e8b465ee728b)
Start importing Assets/AurynSky/Gems Ultimate Pack/Prefabs/Hexgon.prefab using Guid(676e107eeafc5524b97910d76516565d) Importer(815301076,1909f56bfc062723c751e8b465ee728b)  -> (artifact id: 'a523bb83159881819a5ee5ddc6886941') in 0.016427 seconds 
========================================================================
Received Import Request.
  Time since last request: 0.000093 seconds.
  path: Assets/AurynSky/Gems Ultimate Pack/Prefabs/Heart.prefab
  artifactKey: Guid(5a0537415d4017c4fad7a4986f502dc1) Importer(815301076,1909f56bfc062723c751e8b465ee728b)
Start importing Assets/AurynSky/Gems Ultimate Pack/Prefabs/Heart.prefab using Guid(5a0537415d4017c4fad7a4986f502dc1) Importer(815301076,1909f56bfc062723c751e8b465ee728b)  -> (artifact id: '7d237fe371bf691283bd2a4e817c02d1') in 0.016955 seconds 
========================================================================
Received Import Request.
  Time since last request: 0.000035 seconds.
  path: Assets/AurynSky/Gems Ultimate Pack/Prefabs/SoftStar.prefab
  artifactKey: Guid(8f226a393243a0141bace5fd6b60bafa) Importer(815301076,1909f56bfc062723c751e8b465ee728b)
Start importing Assets/AurynSky/Gems Ultimate Pack/Prefabs/SoftStar.prefab using Guid(8f226a393243a0141bace5fd6b60bafa) Importer(815301076,1909f56bfc062723c751e8b465ee728b)  -> (artifact id: '2e29e3ae2161cef5fb40a2420f99c306') in 0.016587 seconds 
========================================================================
Received Import Request.
  Time since last request: 9.286853 seconds.
  path: Assets/Scenes/CatBorg Studio/3D Dungeon Lowpoly Pack/Prefabs/99_Enviroment_Floor_03.prefab
  artifactKey: Guid(0b9060156802c1c45925fc0536b9bd44) Importer(815301076,1909f56bfc062723c751e8b465ee728b)
Start importing Assets/Scenes/CatBorg Studio/3D Dungeon Lowpoly Pack/Prefabs/99_Enviroment_Floor_03.prefab using Guid(0b9060156802c1c45925fc0536b9bd44) Importer(815301076,1909f56bfc062723c751e8b465ee728b)  -> (artifact id: 'badbc266b10d45b602ca6c2ee9a3d9a5') in 0.018986 seconds 
========================================================================
Received Import Request.
  Time since last request: 0.047480 seconds.
  path: Assets/Scenes/CatBorg Studio/3D Dungeon Lowpoly Pack/Prefabs/99_Enviroment_Stears.prefab
  artifactKey: Guid(f2799c2d549259841b9b95372363edc2) Importer(815301076,1909f56bfc062723c751e8b465ee728b)
Start importing Assets/Scenes/CatBorg Studio/3D Dungeon Lowpoly Pack/Prefabs/99_Enviroment_Stears.prefab using Guid(f2799c2d549259841b9b95372363edc2) Importer(815301076,1909f56bfc062723c751e8b465ee728b)  -> (artifact id: '55604b7e2a586eaa5c7bfd02f1483947') in 0.014083 seconds 
========================================================================
Received Import Request.
  Time since last request: 0.000021 seconds.
  path: Assets/Scenes/CatBorg Studio/3D Dungeon Lowpoly Pack/Prefabs/99_Enviroment_Wall_01.prefab
  artifactKey: Guid(9bbb5245987b43043972821dcbdd765b) Importer(815301076,1909f56bfc062723c751e8b465ee728b)
Start importing Assets/Scenes/CatBorg Studio/3D Dungeon Lowpoly Pack/Prefabs/99_Enviroment_Wall_01.prefab using Guid(9bbb5245987b43043972821dcbdd765b) Importer(815301076,1909f56bfc062723c751e8b465ee728b)  -> (artifact id: 'df57ad7542a611cf6d7d36674c73a877') in 0.021892 seconds 
========================================================================
Received Import Request.
  Time since last request: 269.859559 seconds.
  path: Assets/AurynSky/Gems Ultimate Pack/Models/5 Side Diamond.fbx
  artifactKey: Guid(aa56074584965524093e852b02a99de7) Importer(815301076,1909f56bfc062723c751e8b465ee728b)
Start importing Assets/AurynSky/Gems Ultimate Pack/Models/5 Side Diamond.fbx using Guid(aa56074584965524093e852b02a99de7) Importer(815301076,1909f56bfc062723c751e8b465ee728b)  -> (artifact id: '5921e6709cee2777459cda3b4b3d865e') in 0.018904 seconds 
========================================================================
Received Import Request.
  Time since last request: 0.000019 seconds.
  path: Assets/AurynSky/Gems Ultimate Pack/Models/SphereGemSmall.fbx
  artifactKey: Guid(486351f15650ce5408452352641fc317) Importer(815301076,1909f56bfc062723c751e8b465ee728b)
Start importing Assets/AurynSky/Gems Ultimate Pack/Models/SphereGemSmall.fbx using Guid(486351f15650ce5408452352641fc317) Importer(815301076,1909f56bfc062723c751e8b465ee728b)  -> (artifact id: '425e34c89e365f0a305af7561277cf7e') in 0.024865 seconds 
========================================================================
Received Import Request.
  Time since last request: 0.000041 seconds.
  path: Assets/AurynSky/Gems Ultimate Pack/Models/Cuboid.fbx
  artifactKey: Guid(d5201c54bfe2c0242acafec0421e0d8e) Importer(815301076,1909f56bfc062723c751e8b465ee728b)
Start importing Assets/AurynSky/Gems Ultimate Pack/Models/Cuboid.fbx using Guid(d5201c54bfe2c0242acafec0421e0d8e) Importer(815301076,1909f56bfc062723c751e8b465ee728b)  -> (artifact id: 'd700ce0d3b8c9bf6cb88afb4e3c8b2ce') in 0.031774 seconds 
========================================================================
Received Import Request.
  Time since last request: 0.000046 seconds.
  path: Assets/AurynSky/Gems Ultimate Pack/Models/Diamondo5side.fbx
  artifactKey: Guid(6217dd83a11a7df46b82193c138a8ce2) Importer(815301076,1909f56bfc062723c751e8b465ee728b)
Start importing Assets/AurynSky/Gems Ultimate Pack/Models/Diamondo5side.fbx using Guid(6217dd83a11a7df46b82193c138a8ce2) Importer(815301076,1909f56bfc062723c751e8b465ee728b)  -> (artifact id: '833b67dbff4df2e25f10a25bf23e3032') in 0.028922 seconds 
========================================================================
Received Import Request.
  Time since last request: 0.000117 seconds.
  path: Assets/AurynSky/Gems Ultimate Pack/Models/Penta.fbx
  artifactKey: Guid(34a866017115e1f4693b2328671afe14) Importer(815301076,1909f56bfc062723c751e8b465ee728b)
Start importing Assets/AurynSky/Gems Ultimate Pack/Models/Penta.fbx using Guid(34a866017115e1f4693b2328671afe14) Importer(815301076,1909f56bfc062723c751e8b465ee728b)  -> (artifact id: 'be6dc42fd467f689390216d24e4323be') in 0.025825 seconds 
========================================================================
Received Import Request.
  Time since last request: 0.000036 seconds.
  path: Assets/AurynSky/Gems Ultimate Pack/Models/SoftStar.fbx
  artifactKey: Guid(bc0cdff0b0fdafc46bbdbda4b3717d71) Importer(815301076,1909f56bfc062723c751e8b465ee728b)
Start importing Assets/AurynSky/Gems Ultimate Pack/Models/SoftStar.fbx using Guid(bc0cdff0b0fdafc46bbdbda4b3717d71) Importer(815301076,1909f56bfc062723c751e8b465ee728b)  -> (artifact id: 'e30280b7dffd2a22ea90cd69ec16b68c') in 0.022311 seconds 
========================================================================
Received Import Request.
  Time since last request: 0.000025 seconds.
  path: Assets/AurynSky/Gems Ultimate Pack/Models/HardStar.fbx
  artifactKey: Guid(9d0e73dbf5dfc6e4e800cbe52651ac4d) Importer(815301076,1909f56bfc062723c751e8b465ee728b)
Start importing Assets/AurynSky/Gems Ultimate Pack/Models/HardStar.fbx using Guid(9d0e73dbf5dfc6e4e800cbe52651ac4d) Importer(815301076,1909f56bfc062723c751e8b465ee728b)  -> (artifact id: '82f431a6cdb0457325cd82c6cd53bcce') in 0.035885 seconds 
========================================================================
Received Import Request.
  Time since last request: 0.000029 seconds.
  path: Assets/AurynSky/Gems Ultimate Pack/Models/Heart.fbx
  artifactKey: Guid(f5e70b692f804d346a44df961b6ad5a8) Importer(815301076,1909f56bfc062723c751e8b465ee728b)
Start importing Assets/AurynSky/Gems Ultimate Pack/Models/Heart.fbx using Guid(f5e70b692f804d346a44df961b6ad5a8) Importer(815301076,1909f56bfc062723c751e8b465ee728b)  -> (artifact id: '9d852558f0f0db6d3ace7abd129039e6') in 0.018281 seconds 
========================================================================
Received Prepare
Registering precompiled user dll's ...
Registered in 0.005567 seconds.
Begin MonoManager ReloadAssembly
Symbol file LoadedFromMemory doesn't match image C:\Users\Mike Chen\Documents\GitHub\2310-lab\Lab1\Library\PackageCache\com.unity.visualscripting@1.7.8\Editor\VisualScripting.Core\Dependencies\YamlDotNet\Unity.VisualScripting.YamlDotNet.dll
Symbol file LoadedFromMemory doesn't match image C:\Users\Mike Chen\Documents\GitHub\2310-lab\Lab1\Library\PackageCache\com.unity.visualscripting@1.7.8\Editor\VisualScripting.Core\Dependencies\DotNetZip\Unity.VisualScripting.IonicZip.dll
Native extension for WindowsStandalone target not found
Refreshing native plugins compatible for Editor in 1.20 ms, found 3 plugins.
Preloading 0 native plugins for Editor in 0.00 ms.
Mono: successfully reloaded assembly
- Completed reload, in  1.107 seconds
Domain Reload Profiling:
	ReloadAssembly (1108ms)
		BeginReloadAssembly (151ms)
			ExecutionOrderSort (0ms)
			DisableScriptedObjects (7ms)
			BackupInstance (0ms)
			ReleaseScriptingObjects (0ms)
			CreateAndSetChildDomain (53ms)
		EndReloadAssembly (860ms)
			LoadAssemblies (79ms)
			RebuildTransferFunctionScriptingTraits (0ms)
			SetupTypeCache (262ms)
			ReleaseScriptCaches (2ms)
			RebuildScriptCaches (55ms)
			SetupLoadedEditorAssemblies (405ms)
				LogAssemblyErrors (0ms)
				InitializePlatformSupportModulesInManaged (17ms)
				SetLoadedEditorAssemblies (1ms)
				RefreshPlugins (1ms)
				BeforeProcessingInitializeOnLoad (93ms)
				ProcessInitializeOnLoadAttributes (251ms)
				ProcessInitializeOnLoadMethodAttributes (35ms)
				AfterProcessingInitializeOnLoad (7ms)
				EditorAssembliesLoaded (0ms)
			ExecutionOrderSort2 (0ms)
			AwakeInstancesAfterBackupRestoration (6ms)
Platform modules already initialized, skipping
Refreshing native plugins compatible for Editor in 2.76 ms, found 3 plugins.
Preloading 0 native plugins for Editor in 0.00 ms.
Unloading 3376 Unused Serialized files (Serialized files now loaded: 0)
Unloading 20 unused Assets / (80.2 KB). Loaded Objects now: 3885.
Memory consumption went from 121.5 MB to 121.4 MB.
Total: 3.188000 ms (FindLiveObjects: 0.410400 ms CreateObjectMapping: 0.137800 ms MarkObjects: 2.518400 ms  DeleteObjects: 0.118300 ms)

AssetImportParameters requested are different than current active one (requested -> active):
  custom:video-decoder-ogg-theora: a1e56fd34408186e4bbccfd4996cb3dc -> 
  custom:container-muxer-webm: aa71ff27fc2769a1b78a27578f13a17b -> 
  custom:container-demuxer-webm: 4f35f7cbe854078d1ac9338744f61a02 -> 
  custom:video-encoder-webm-vp8: eb34c28f22e8b96e1ab97ce403110664 -> 
  custom:video-codec-MediaFoundation-h265: 746d11721c4dcdbdad8f713fa42b33f4 -> 
  custom:audio-encoder-webm-vorbis: bf7c407c2cedff20999df2af8eb42d56 -> 
  custom:framework-win-MediaFoundation: 216162199b28c13a410421893ffa2e32 -> 
  custom:container-demuxer-ogg: 62fdf1f143b41e24485cea50d1cbac27 -> 
  custom:video-decoder-webm-vp8: 9c59270c3fd7afecdb556c50c9e8de78 -> 
  custom:audio-decoder-ogg-vorbis: bf7c407c2cedff20999df2af8eb42d56 -> 
